CRITICAL - 2025-09-10 03:07:01 --> ErrorException: unlink(assets/img/aktivitas/sofa.jpg): No such file or directory
[Method: POST, Route: admin/aktivitas/proses_edit/2]
in APPPATH\Controllers\admin\Aktivitas.php on line 201.
 1 [internal function]: CodeIgniter\Debug\Exceptions->errorHandler(2, 'unlink(assets/img/aktivitas/sofa.jpg): No such file or directory', 'D:\\laragon\\www\\terama\\app\\Controllers\\admin\\Aktivitas.php', 201)
 2 APPPATH\Controllers\admin\Aktivitas.php(201): unlink('assets/img/aktivitas/sofa.jpg')
 3 SYSTEMPATH\CodeIgniter.php(933): App\Controllers\admin\Aktivitas->proses_edit('2')
 4 SYSTEMPATH\CodeIgniter.php(507): CodeIgniter\CodeIgniter->runController(Object(App\Controllers\admin\Aktivitas))
 5 SYSTEMPATH\CodeIgniter.php(354): CodeIgniter\CodeIgniter->handleRequest(null, Object(Config\Cache), false)
 6 SYSTEMPATH\Boot.php(334): CodeIgniter\CodeIgniter->run()
 7 SYSTEMPATH\Boot.php(67): CodeIgniter\Boot::runCodeIgniter(Object(CodeIgniter\CodeIgniter))
 8 FCPATH\index.php(59): CodeIgniter\Boot::bootWeb(Object(Config\Paths))
 9 SYSTEMPATH\rewrite.php(44): require_once('D:\\laragon\\www\\terama\\public\\index.php')
CRITICAL - 2025-09-10 03:07:20 --> ErrorException: unlink(assets/img/aktivitas/sofa.jpg): No such file or directory
[Method: POST, Route: admin/aktivitas/proses_edit/2]
in APPPATH\Controllers\admin\Aktivitas.php on line 201.
 1 [internal function]: CodeIgniter\Debug\Exceptions->errorHandler(2, 'unlink(assets/img/aktivitas/sofa.jpg): No such file or directory', 'D:\\laragon\\www\\terama\\app\\Controllers\\admin\\Aktivitas.php', 201)
 2 APPPATH\Controllers\admin\Aktivitas.php(201): unlink('assets/img/aktivitas/sofa.jpg')
 3 SYSTEMPATH\CodeIgniter.php(933): App\Controllers\admin\Aktivitas->proses_edit('2')
 4 SYSTEMPATH\CodeIgniter.php(507): CodeIgniter\CodeIgniter->runController(Object(App\Controllers\admin\Aktivitas))
 5 SYSTEMPATH\CodeIgniter.php(354): CodeIgniter\CodeIgniter->handleRequest(null, Object(Config\Cache), false)
 6 SYSTEMPATH\Boot.php(334): CodeIgniter\CodeIgniter->run()
 7 SYSTEMPATH\Boot.php(67): CodeIgniter\Boot::runCodeIgniter(Object(CodeIgniter\CodeIgniter))
 8 FCPATH\index.php(59): CodeIgniter\Boot::bootWeb(Object(Config\Paths))
 9 SYSTEMPATH\rewrite.php(44): require_once('D:\\laragon\\www\\terama\\public\\index.php')
